Using pre-set license
Built from '2021.1/staging' branch; Version is '2021.1.21f1 (f2d5d3c59f8c) revision 15914451'; Using compiler version '192528614'; Build Type 'Release'
OS: 'Windows 10 Home; OS build 26020.1000; Version 2009; 64bit' Language: 'en' Physical Memory: 16321 MB
BatchMode: 1, IsHumanControllingUs: 0, StartBugReporterOnCrash: 0, Is64bit: 1, IsPro: 0

COMMAND LINE ARGUMENTS:
C:\Program Files\Unity\Hub\Editor\2021.1.21f1\Editor\Unity.exe
-adb2
-batchMode
-noUpm
-name
AssetImportWorker0
-projectPath
C:/Users/Noah/OneDrive - The University of Illinois, Springfield/Previous Courses/Grapple Game/Grapple With This
-logFile
Logs/AssetImportWorker0.log
-srvPort
53455
Successfully changed project path to: C:/Users/Noah/OneDrive - The University of Illinois, Springfield/Previous Courses/Grapple Game/Grapple With This
C:/Users/Noah/OneDrive - The University of Illinois, Springfield/Previous Courses/Grapple Game/Grapple With This
Using Asset Import Pipeline V2.
Refreshing native plugins compatible for Editor in 112.13 ms, found 4 plugins.
Preloading 0 native plugins for Editor in 0.00 ms.
Initialize engine version: 2021.1.21f1 (f2d5d3c59f8c)
[Subsystems] Discovering subsystems at path C:/Program Files/Unity/Hub/Editor/2021.1.21f1/Editor/Data/Resources/UnitySubsystems
[Subsystems] Discovering subsystems at path C:/Users/Noah/OneDrive - The University of Illinois, Springfield/Previous Courses/Grapple Game/Grapple With This/Assets
GfxDevice: creating device client; threaded=0; jobified=0
Direct3D:
    Version:  Direct3D 11.0 [level 11.1]
    Renderer: NVIDIA GeForce RTX 2070 SUPER (ID=0x1e84)
    Vendor:   NVIDIA
    VRAM:     8003 MB
    Driver:   31.0.15.3734
Initialize mono
Mono path[0] = 'C:/Program Files/Unity/Hub/Editor/2021.1.21f1/Editor/Data/Managed'
Mono path[1] = 'C:/Program Files/Unity/Hub/Editor/2021.1.21f1/Editor/Data/MonoBleedingEdge/lib/mono/unityjit'
Mono config path = 'C:/Program Files/Unity/Hub/Editor/2021.1.21f1/Editor/Data/MonoBleedingEdge/etc'
Using monoOptions --debugger-agent=transport=dt_socket,embedding=1,server=y,suspend=n,address=127.0.0.1:56636
Begin MonoManager ReloadAssembly
Registering precompiled unity dll's ...
Register platform support module: C:/Program Files/Unity/Hub/Editor/2021.1.21f1/Editor/Data/PlaybackEngines/WindowsStandaloneSupport/UnityEditor.WindowsStandalone.Extensions.dll
Registered in 0.005505 seconds.
Native extension for WindowsStandalone target not found
Refreshing native plugins compatible for Editor in 129.49 ms, found 4 plugins.
Preloading 0 native plugins for Editor in 0.00 ms.
Mono: successfully reloaded assembly
- Completed reload, in  1.848 seconds
Domain Reload Profiling:
	ReloadAssembly (1848ms)
		BeginReloadAssembly (83ms)
			ExecutionOrderSort (0ms)
			DisableScriptedObjects (0ms)
			BackupInstance (0ms)
			ReleaseScriptingObjects (0ms)
			CreateAndSetChildDomain (1ms)
		EndReloadAssembly (644ms)
			LoadAssemblies (80ms)
			RebuildTransferFunctionScriptingTraits (0ms)
			SetupTypeCache (247ms)
			ReleaseScriptCaches (0ms)
			RebuildScriptCaches (49ms)
			SetupLoadedEditorAssemblies (275ms)
				LogAssemblyErrors (0ms)
				InitializePlatformSupportModulesInManaged (7ms)
				SetLoadedEditorAssemblies (0ms)
				RefreshPlugins (130ms)
				BeforeProcessingInitializeOnLoad (1ms)
				ProcessInitializeOnLoadAttributes (105ms)
				ProcessInitializeOnLoadMethodAttributes (32ms)
				AfterProcessingInitializeOnLoad (0ms)
				EditorAssembliesLoaded (0ms)
			ExecutionOrderSort2 (0ms)
			AwakeInstancesAfterBackupRestoration (0ms)
Platform modules already initialized, skipping
Registering precompiled user dll's ...
Registered in 0.009459 seconds.
Begin MonoManager ReloadAssembly
Symbol file LoadedFromMemory doesn't match image C:\Users\Noah\OneDrive - The University of Illinois, Springfield\Previous Courses\Grapple Game\Grapple With This\Library\PackageCache\com.unity.visualscripting@1.6.1\Editor\VisualScripting.Core\Dependencies\YamlDotNet\Unity.VisualScripting.YamlDotNet.dll
Symbol file LoadedFromMemory doesn't match image C:\Users\Noah\OneDrive - The University of Illinois, Springfield\Previous Courses\Grapple Game\Grapple With This\Library\PackageCache\com.unity.visualscripting@1.6.1\Editor\VisualScripting.Core\Dependencies\DotNetZip\Unity.VisualScripting.IonicZip.dll
Native extension for WindowsStandalone target not found
Refreshing native plugins compatible for Editor in 103.76 ms, found 4 plugins.
Preloading 0 native plugins for Editor in 0.00 ms.
Mono: successfully reloaded assembly
- Completed reload, in  1.410 seconds
Domain Reload Profiling:
	ReloadAssembly (1411ms)
		BeginReloadAssembly (170ms)
			ExecutionOrderSort (0ms)
			DisableScriptedObjects (5ms)
			BackupInstance (0ms)
			ReleaseScriptingObjects (0ms)
			CreateAndSetChildDomain (22ms)
		EndReloadAssembly (1169ms)
			LoadAssemblies (129ms)
			RebuildTransferFunctionScriptingTraits (0ms)
			SetupTypeCache (402ms)
			ReleaseScriptCaches (1ms)
			RebuildScriptCaches (57ms)
			SetupLoadedEditorAssemblies (484ms)
				LogAssemblyErrors (0ms)
				InitializePlatformSupportModulesInManaged (5ms)
				SetLoadedEditorAssemblies (0ms)
				RefreshPlugins (104ms)
				BeforeProcessingInitializeOnLoad (97ms)
				ProcessInitializeOnLoadAttributes (251ms)
				ProcessInitializeOnLoadMethodAttributes (18ms)
				AfterProcessingInitializeOnLoad (9ms)
				EditorAssembliesLoaded (0ms)
			ExecutionOrderSort2 (0ms)
			AwakeInstancesAfterBackupRestoration (6ms)
Platform modules already initialized, skipping
========================================================================
Worker process is ready to serve import requests
Launched and connected shader compiler UnityShaderCompiler.exe after 0.16 seconds
Refreshing native plugins compatible for Editor in 1.32 ms, found 4 plugins.
Preloading 0 native plugins for Editor in 0.00 ms.
Unloading 3688 Unused Serialized files (Serialized files now loaded: 0)
System memory in use before: 150.0 MB.
System memory in use after: 150.2 MB.

Unloading 30 unused Assets to reduce memory usage. Loaded Objects now: 4154.
Total: 4.769800 ms (FindLiveObjects: 0.407500 ms CreateObjectMapping: 0.259100 ms MarkObjects: 3.947500 ms  DeleteObjects: 0.154100 ms)

AssetImportParameters requested are different than current active one (requested -> active):
  custom:framework-win-MediaFoundation: 216162199b28c13a410421893ffa2e32 -> 
  custom:video-decoder-ogg-theora: a1e56fd34408186e4bbccfd4996cb3dc -> 
  custom:container-muxer-webm: aa71ff27fc2769a1b78a27578f13a17b -> 
  custom:container-demuxer-webm: 4f35f7cbe854078d1ac9338744f61a02 -> 
  custom:container-demuxer-ogg: 62fdf1f143b41e24485cea50d1cbac27 -> 
  custom:video-encoder-webm-vp8: eb34c28f22e8b96e1ab97ce403110664 -> 
  custom:video-decoder-webm-vp8: 9c59270c3fd7afecdb556c50c9e8de78 -> 
  custom:audio-decoder-ogg-vorbis: bf7c407c2cedff20999df2af8eb42d56 -> 
  custom:audio-encoder-webm-vorbis: bf7c407c2cedff20999df2af8eb42d56 -> 
========================================================================
Received Import Request.
  path: Assets/Scripts/HowToPlayHover.cs
  artifactKey: Guid(af1a634fff794524c8f1ce17cb1d155e) Importer(815301076,1909f56bfc062723c751e8b465ee728b)
Start importing Assets/Scripts/HowToPlayHover.cs using Guid(af1a634fff794524c8f1ce17cb1d155e) Importer(815301076,1909f56bfc062723c751e8b465ee728b)  -> (artifact id: '2f1b230bea4ea90a3f1a53ca2a5ec09f') in 0.057628 seconds 
========================================================================
Received Import Request.
  Time since last request: 0.065225 seconds.
  path: Assets/Scripts/QuitGame.cs
  artifactKey: Guid(76f16039fa39d2b4eb67c0cb1397bcad) Importer(815301076,1909f56bfc062723c751e8b465ee728b)
Start importing Assets/Scripts/QuitGame.cs using Guid(76f16039fa39d2b4eb67c0cb1397bcad) Importer(815301076,1909f56bfc062723c751e8b465ee728b)  -> (artifact id: '3828b5d4645d78b2ff67815c40b244fc') in 0.011571 seconds 
========================================================================
Received Import Request.
  Time since last request: 0.017338 seconds.
  path: Assets/Fonts/8514OEM.FON
  artifactKey: Guid(bc6880475117add46bea296dc47ae878) Importer(815301076,1909f56bfc062723c751e8b465ee728b)
Start importing Assets/Fonts/8514OEM.FON using Guid(bc6880475117add46bea296dc47ae878) Importer(815301076,1909f56bfc062723c751e8b465ee728b)  -> (artifact id: 'faf423d90cfab27c5e429738367d3930') in 0.033396 seconds 
========================================================================
Received Import Request.
  Time since last request: 0.015451 seconds.
  path: Assets/Materials
  artifactKey: Guid(d1e1024d3e21db749b8a32a1fe3512bc) Importer(815301076,1909f56bfc062723c751e8b465ee728b)
Start importing Assets/Materials using Guid(d1e1024d3e21db749b8a32a1fe3512bc) Importer(815301076,1909f56bfc062723c751e8b465ee728b)  -> (artifact id: 'b040ad84c8aeafbfb0e6bde3c99f1371') in 0.010166 seconds 
========================================================================
Received Import Request.
  Time since last request: 0.038199 seconds.
  path: Assets/Scripts/LoadScore.cs
  artifactKey: Guid(2c0be54bb281f774280111f274a43555) Importer(815301076,1909f56bfc062723c751e8b465ee728b)
Start importing Assets/Scripts/LoadScore.cs using Guid(2c0be54bb281f774280111f274a43555) Importer(815301076,1909f56bfc062723c751e8b465ee728b)  -> (artifact id: '29ad662189289c36297da74c989f67bc') in 0.009565 seconds 
========================================================================
Received Import Request.
  Time since last request: 0.068822 seconds.
  path: Assets/Fonts
  artifactKey: Guid(966dfd743dd2bd04185bbe50d7a9e6b1) Importer(815301076,1909f56bfc062723c751e8b465ee728b)
Start importing Assets/Fonts using Guid(966dfd743dd2bd04185bbe50d7a9e6b1) Importer(815301076,1909f56bfc062723c751e8b465ee728b)  -> (artifact id: 'b6dc4f278f58921e82fcb03eda9b1775') in 0.012077 seconds 
========================================================================
Received Import Request.
  Time since last request: 0.004697 seconds.
  path: Assets/Scripts/NewGameHover.cs
  artifactKey: Guid(c7c2fdc33be38f947b3d54b8b35398a9) Importer(815301076,1909f56bfc062723c751e8b465ee728b)
Start importing Assets/Scripts/NewGameHover.cs using Guid(c7c2fdc33be38f947b3d54b8b35398a9) Importer(815301076,1909f56bfc062723c751e8b465ee728b)  -> (artifact id: '02c98e85986820818fc8cbbfe49abf91') in 0.008632 seconds 
========================================================================
Received Import Request.
  Time since last request: 0.023452 seconds.
  path: Assets/Scripts/LoadManual.cs
  artifactKey: Guid(b6da2f31cf19409498601068797ea10a) Importer(815301076,1909f56bfc062723c751e8b465ee728b)
Start importing Assets/Scripts/LoadManual.cs using Guid(b6da2f31cf19409498601068797ea10a) Importer(815301076,1909f56bfc062723c751e8b465ee728b)  -> (artifact id: '2b6fd6fa36a53e42a55cfaeaeb161d1d') in 0.009851 seconds 
========================================================================
Received Import Request.
  Time since last request: 0.099257 seconds.
  path: Assets/Scripts/CameraScroll.cs
  artifactKey: Guid(8c42c8d658059f04d82a446fde91e013) Importer(815301076,1909f56bfc062723c751e8b465ee728b)
Start importing Assets/Scripts/CameraScroll.cs using Guid(8c42c8d658059f04d82a446fde91e013) Importer(815301076,1909f56bfc062723c751e8b465ee728b)  -> (artifact id: '05ab3e440ce72300f0a0aff659d0414b') in 0.021579 seconds 
========================================================================
Received Import Request.
  Time since last request: 0.036949 seconds.
  path: Assets/Scripts/MovementScript.cs
  artifactKey: Guid(2ad5161acb2fb444eadd8775e8ad24c5) Importer(815301076,1909f56bfc062723c751e8b465ee728b)
Start importing Assets/Scripts/MovementScript.cs using Guid(2ad5161acb2fb444eadd8775e8ad24c5) Importer(815301076,1909f56bfc062723c751e8b465ee728b)  -> (artifact id: '33bb9bac62639c90667fa2f6b1229fa4') in 0.011324 seconds 
========================================================================
Received Import Request.
  Time since last request: 0.066144 seconds.
  path: Assets/Scripts/PlayAgainHover.cs
  artifactKey: Guid(a087a3581d2325345aba50046a6d7d71) Importer(815301076,1909f56bfc062723c751e8b465ee728b)
Start importing Assets/Scripts/PlayAgainHover.cs using Guid(a087a3581d2325345aba50046a6d7d71) Importer(815301076,1909f56bfc062723c751e8b465ee728b)  -> (artifact id: 'c63dfd7e42921e92eea03c9e8978e5ce') in 0.008374 seconds 
========================================================================
Received Import Request.
  Time since last request: 0.003202 seconds.
  path: Assets/Textures
  artifactKey: Guid(bc1829a5fd7f9654980793c661299a80) Importer(815301076,1909f56bfc062723c751e8b465ee728b)
Start importing Assets/Textures using Guid(bc1829a5fd7f9654980793c661299a80) Importer(815301076,1909f56bfc062723c751e8b465ee728b)  -> (artifact id: '6ebadb7b2df553ea8220f80946deccf5') in 0.008657 seconds 
========================================================================
Received Import Request.
  Time since last request: 0.005431 seconds.
  path: Assets/Fonts/8514FIX.FON
  artifactKey: Guid(e9de66c45c45f024ca7a53c4958c91d9) Importer(815301076,1909f56bfc062723c751e8b465ee728b)
Start importing Assets/Fonts/8514FIX.FON using Guid(e9de66c45c45f024ca7a53c4958c91d9) Importer(815301076,1909f56bfc062723c751e8b465ee728b)  -> (artifact id: 'bebe748da3de8c2d8d816493b4787a52') in 0.009023 seconds 
========================================================================
Received Import Request.
  Time since last request: 0.028730 seconds.
  path: Assets/Scripts/LoadNewGame.cs
  artifactKey: Guid(8657f65749ab296488d5c057f683833b) Importer(815301076,1909f56bfc062723c751e8b465ee728b)
Start importing Assets/Scripts/LoadNewGame.cs using Guid(8657f65749ab296488d5c057f683833b) Importer(815301076,1909f56bfc062723c751e8b465ee728b)  -> (artifact id: '5d2f49ed5d375706f59813c28fe17a0e') in 0.009873 seconds 
========================================================================
Received Import Request.
  Time since last request: 0.107920 seconds.
  path: Assets/Fonts/8514SYS.FON
  artifactKey: Guid(d2f1db2e5dc4d44428e8671889816be1) Importer(815301076,1909f56bfc062723c751e8b465ee728b)
Start importing Assets/Fonts/8514SYS.FON using Guid(d2f1db2e5dc4d44428e8671889816be1) Importer(815301076,1909f56bfc062723c751e8b465ee728b)  -> (artifact id: '69e996f6e893ddb4d4c8314f5891f754') in 0.022719 seconds 
AssetImportWorkerClient::OnTransportError - code=2 error=End of file
